<?xml version="1.0" encoding="UTF-8"?>
<!-- Generated by org.testng.reporters.JUnitXMLReporter -->
<testsuite hostname="L-TEC-ERP-075" ignored="0" name="CorpnetApp" tests="1" failures="0" timestamp="25 Jan 2023 10:12:51 GMT" time="14.035" errors="0">
  <testcase name="@BeforeMethod setUp" time="13.809" classname="CorpNetApp.pom.test.testCompany.TestCases_EFT_Transaction.TC_BEFT_Many_Many_TransferByComMaker">
    <failure type="io.github.bonigarcia.wdm.config.WebDriverManagerException" message="java.net.UnknownHostException: raw.githubusercontent.com">
      <![CDATA[io.github.bonigarcia.wdm.config.WebDriverManagerException: java.net.UnknownHostException: raw.githubusercontent.com
	at io.github.bonigarcia.wdm.WebDriverManager.handleException(WebDriverManager.java:1423)
	at io.github.bonigarcia.wdm.WebDriverManager.manage(WebDriverManager.java:1204)
	at io.github.bonigarcia.wdm.WebDriverManager.fallback(WebDriverManager.java:1439)
	at io.github.bonigarcia.wdm.WebDriverManager.handleException(WebDriverManager.java:1416)
	at io.github.bonigarcia.wdm.WebDriverManager.manage(WebDriverManager.java:1204)
	at io.github.bonigarcia.wdm.WebDriverManager.setup(WebDriverManager.java:419)
	at CorpNetApp.pom.base.BaseTest.initialization(BaseTest.java:39)
	at CorpNetApp.pom.test.testCompany.TestCases_EFT_Transaction.TC_BEFT_Many_Many_TransferByComMaker.setUp(TC_BEFT_Many_Many_TransferByComMaker.java:21)
	at com.intellij.rt.testng.IDEARemoteTestNG.run(IDEARemoteTestNG.java:66)
	at com.intellij.rt.testng.RemoteTestNGStarter.main(RemoteTestNGStarter.java:109)
Caused by: java.net.UnknownHostException: raw.githubusercontent.com
	at java.net.InetAddress.getAllByName0(InetAddress.java:1287)
	at java.net.InetAddress.getAllByName(InetAddress.java:1199)
	at java.net.InetAddress.getAllByName(InetAddress.java:1127)
	at org.apache.hc.client5.http.SystemDefaultDnsResolver.resolve(SystemDefaultDnsResolver.java:43)
	at org.apache.hc.client5.http.impl.io.DefaultHttpClientConnectionOperator.connect(DefaultHttpClientConnectionOperator.java:118)
	at org.apache.hc.client5.http.impl.io.PoolingHttpClientConnectionManager.connect(PoolingHttpClientConnectionManager.java:396)
	at org.apache.hc.client5.http.impl.classic.InternalExecRuntime.connectEndpoint(InternalExecRuntime.java:158)
	at org.apache.hc.client5.http.impl.classic.InternalExecRuntime.connectEndpoint(InternalExecRuntime.java:168)
	at org.apache.hc.client5.http.impl.classic.ConnectExec.execute(ConnectExec.java:136)
	at org.apache.hc.client5.http.impl.classic.ExecChainElement.execute(ExecChainElement.java:51)
	at org.apache.hc.client5.http.impl.classic.ExecChainElement$1.proceed(ExecChainElement.java:57)
	at org.apache.hc.client5.http.impl.classic.ProtocolExec.execute(ProtocolExec.java:175)
	at org.apache.hc.client5.http.impl.classic.ExecChainElement.execute(ExecChainElement.java:51)
	at org.apache.hc.client5.http.impl.classic.ExecChainElement$1.proceed(ExecChainElement.java:57)
	at org.apache.hc.client5.http.impl.classic.HttpRequestRetryExec.execute(HttpRequestRetryExec.java:96)
	at org.apache.hc.client5.http.impl.classic.ExecChainElement.execute(ExecChainElement.java:51)
	at org.apache.hc.client5.http.impl.classic.ExecChainElement$1.proceed(ExecChainElement.java:57)
	at org.apache.hc.client5.http.impl.classic.ContentCompressionExec.execute(ContentCompressionExec.java:133)
	at org.apache.hc.client5.http.impl.classic.ExecChainElement.execute(ExecChainElement.java:51)
	at org.apache.hc.client5.http.impl.classic.ExecChainElement$1.proceed(ExecChainElement.java:57)
	at org.apache.hc.client5.http.impl.classic.RedirectExec.execute(RedirectExec.java:115)
	at org.apache.hc.client5.http.impl.classic.ExecChainElement.execute(ExecChainElement.java:51)
	at org.apache.hc.client5.http.impl.classic.InternalHttpClient.doExecute(InternalHttpClient.java:170)
	at org.apache.hc.client5.http.impl.classic.CloseableHttpClient.execute(CloseableHttpClient.java:75)
	at org.apache.hc.client5.http.impl.classic.CloseableHttpClient.execute(CloseableHttpClient.java:89)
	at io.github.bonigarcia.wdm.online.HttpClient.execute(HttpClient.java:158)
	at io.github.bonigarcia.wdm.WebDriverManager.openGitHubConnection(WebDriverManager.java:1607)
	at io.github.bonigarcia.wdm.WebDriverManager.getDriversFromGitHub(WebDriverManager.java:1621)
	at io.github.bonigarcia.wdm.managers.FirefoxDriverManager.getDriverUrls(FirefoxDriverManager.java:102)
	at io.github.bonigarcia.wdm.WebDriverManager.createUrlHandler(WebDriverManager.java:1444)
	at io.github.bonigarcia.wdm.WebDriverManager.download(WebDriverManager.java:1279)
	at io.github.bonigarcia.wdm.WebDriverManager.manage(WebDriverManager.java:1198)
	... 32 more
... Removed 24 stack frames]]>
    </failure>
  </testcase> <!-- @BeforeMethod setUp -->
  <testcase name="success_EFT_Many_Many_Transaction_initiate" time="0.0" classname="CorpNetApp.pom.test.testCompany.TestCases_EFT_Transaction.TC_BEFT_Many_Many_TransferByComMaker">
    <skipped/>
  </testcase> <!-- success_EFT_Many_Many_Transaction_initiate -->
</testsuite> <!-- CorpnetApp -->
