<?xml version="1.0" encoding="UTF-8"?>
<!-- Generated by org.testng.reporters.JUnitXMLReporter -->
<testsuite hostname="L-TEC-ERP-075" ignored="0" name="IFT_1_Many_Transaction" tests="3" failures="0" timestamp="25 Jan 2023 04:27:55 GMT" time="287.484" errors="0">
  <testcase name="initiateIFT_1_Many_TranSuccess" time="33.681" classname="CorpNetApp.pom.test.testCompany.TestCases_IFTTransaction.TC_IFT_Single_Bulk_TransferByComMaker"/>
  <testcase name="authorizedIFT_1_Many_TranSuccess" time="86.597" classname="CorpNetApp.pom.test.testCompany.TestCases_IFTTransaction.TC_IFT_Single_Bulk_TransferByComChecker"/>
  <testcase name="Approve_IFT_1_Many_TranSuccess" time="88.239" classname="CorpNetApp.pom.test.testCompany.TestCases_IFTTransaction.TC_IFT_Single_Bulk_Approve_TransferByComApprove"/>
</testsuite> <!-- IFT_1_Many_Transaction -->
