<?xml version="1.0" encoding="UTF-8"?>
<!-- Generated by org.testng.reporters.JUnitXMLReporter -->
<testsuite hostname="L-TEC-ERP-075" ignored="0" name="IFT_Single_Tran" tests="3" failures="0" timestamp="25 Jan 2023 04:33:27 GMT" time="331.438" errors="0">
  <testcase name="initiateIFT_Many_Many_TranSuccess" time="34.243" classname="CorpNetApp.pom.test.testCompany.TestCases_IFTTransaction.TC_IFT_ManyToManyTransferByComMaker"/>
  <testcase name="authorizedIFT_Many_Many_TranSuccess" time="84.05" classname="CorpNetApp.pom.test.testCompany.TestCases_IFTTransaction.TC_IFT_ManyToManyTransferByComChecker"/>
  <testcase name="Approve_IFT_Many_Many_TranSuccess" time="84.772" classname="CorpNetApp.pom.test.testCompany.TestCases_IFTTransaction.TC_IFT_ManyToManyTransferByComApprove"/>
</testsuite> <!-- IFT_Single_Tran -->
