<?xml version="1.0" encoding="UTF-8"?>
<!-- Generated by org.testng.reporters.JUnitXMLReporter -->
<testsuite hostname="L-TEC-ERP-075" ignored="0" name="EFT_Single_Tram" tests="3" failures="0" timestamp="25 Jan 2023 05:21:25 GMT" time="489.482" errors="0">
  <testcase name="success_EFT_Single_Transaction_initiate" time="88.905" classname="CorpNetApp.pom.test.testCompany.TestCases_EFT_Transaction.TC_BEFT_Single_TransferByComMaker"/>
  <testcase name="authorizedEFT_Single_TranSuccess" time="58.291" classname="CorpNetApp.pom.test.testCompany.TestCases_EFT_Transaction.TC_BEFT_Single_TransferByComChecker"/>
  <testcase name="Approve_EFT_Single_TranSuccess" time="48.005" classname="CorpNetApp.pom.test.testCompany.TestCases_EFT_Transaction.TC_EFT_Approve_Single_TransferByComApprover"/>
</testsuite> <!-- EFT_Single_Tram -->
