<?xml version="1.0" encoding="UTF-8"?>
<!-- Generated by org.testng.reporters.JUnitXMLReporter -->
<testsuite hostname="L-TEC-ERP-075" ignored="0" name="EFT_Single_Many_Tram" tests="3" failures="0" timestamp="25 Jan 2023 10:19:04 GMT" time="298.035" errors="0">
  <testcase name="success_EFT_Many_Many_Transaction_initiate" time="43.286" classname="CorpNetApp.pom.test.testCompany.TestCases_EFT_Transaction.TC_BEFT_Many_Many_TransferByComMaker"/>
  <testcase name="authorized_EFT_Many_Many_TranSuccess" time="58.004" classname="CorpNetApp.pom.test.testCompany.TestCases_EFT_Transaction.TC_EFT_Bulk_Many_Many_TransferByComChecker"/>
  <testcase name="Approve_EFT_Many_Many_TranSuccess" time="59.227" classname="CorpNetApp.pom.test.testCompany.TestCases_EFT_Transaction.TC_EFT_Many_Many_Approve_TransferByComApprover"/>
</testsuite> <!-- EFT_Single_Many_Tram -->
