<?xml version="1.0" encoding="UTF-8"?>
<!-- Generated by org.testng.reporters.JUnitXMLReporter -->
<testsuite hostname="L-TEC-ERP-075" ignored="0" name="IFT_Single_Tran" tests="3" failures="0" timestamp="25 Jan 2023 04:23:08 GMT" time="452.434" errors="0">
  <testcase name="success_IFT_Transaction_initiate" time="35.47" classname="CorpNetApp.pom.test.testCompany.TestCases_IFTTransaction.TC_IFT_Single_TransferByComMaker"/>
  <testcase name="authorizedIFT_Single_TranSuccess" time="103.266" classname="CorpNetApp.pom.test.testCompany.TestCases_IFTTransaction.TC_IFT_Single_TransferByComChecker"/>
  <testcase name="Approve_IFT_Single_TranSuccess" time="105.747" classname="CorpNetApp.pom.test.testCompany.TestCases_IFTTransaction.TC_IFT_Approve_Single_TransferByComApprover"/>
</testsuite> <!-- IFT_Single_Tran -->
