<?xml version="1.0" encoding="UTF-8"?>
<!-- Generated by org.testng.reporters.JUnitXMLReporter -->
<testsuite hostname="L-TEC-ERP-075" ignored="0" name="RTGS_Single_Tran" tests="3" failures="0" timestamp="25 Jan 2023 10:25:39 GMT" time="296.98" errors="0">
  <testcase name="initiateRTGS_Single_TranSuccess" time="38.197" classname="CorpNetApp.pom.test.testCompany.TestCases_RTGS_Transaction.TC_RTGS_Single_TransferByComMaker"/>
  <testcase name="Authorized_RTGS_Single_TranSuccess" time="50.752" classname="CorpNetApp.pom.test.testCompany.TestCases_RTGS_Transaction.TC_RTGS_Single_TransferByComChecker"/>
  <testcase name="approve_Single_ByApproveSuccess" time="95.652" classname="CorpNetApp.pom.test.testCompany.TestCases_RTGS_Transaction.TC_RTGS_Single_TransferByComApprove"/>
</testsuite> <!-- RTGS_Single_Tran -->
