<?xml version="1.0" encoding="UTF-8"?>
<!-- Generated by org.testng.reporters.JUnitXMLReporter -->
<testsuite hostname="L-TEC-ERP-075" ignored="0" name="TestCases_Universal_Third_Party_Account_Transaction" tests="3" failures="0" timestamp="25 Jan 2023 10:40:21 GMT" time="220.652" errors="0">
  <testcase name="success_Special_Third_Acc_Transaction_initiate" time="38.166" classname="CorpNetApp.pom.test.testCompany.TestCases_Universal_Account_Transaction.TC_Third_Party_Special_Auth_Acc_TransferByComMaker"/>
  <testcase name="Authorized_SpAuth_Bulk_TranSuccess" time="60.449" classname="CorpNetApp.pom.test.testCompany.TestCases_Universal_Account_Transaction.TC_SpAuth_TransferByComChecker"/>
  <testcase name="approve_SpAuth_ThirdParty_ByApproveSuccess" time="39.102" classname="CorpNetApp.pom.test.testCompany.TestCases_Universal_Account_Transaction.TC_Sp_Auth_TransferByComApprove"/>
</testsuite> <!-- TestCases_Universal_Third_Party_Account_Transaction -->
